Validating found git in: git
Using git 2.33.0 from git
> git rev-parse --git-dir
Open repository: /root/repos/git_test
> git status -z -u
> git symbolic-ref --short HEAD
> git for-each-ref --format=%(refname)%00%(upstream:short)%00%(objectname)%00%(upstream:track) refs/heads/main refs/remotes/main
> git for-each-ref --sort -committerdate --format %(refname) %(objectname) %(*objectname)
> git remote --verbose
Warning: Failed to watch ref '/root/repos/git_test/.git/refs/remotes/origin/main', is most likely packed.
> git config --get commit.template
> git check-ignore -v -z --stdin
> git show --textconv :your-directory
> git ls-files --stage -- /root/repos/git_test/your-directory
> git check-ignore -v -z --stdin
> git show --textconv :README.md
> git ls-files --stage -- /root/repos/git_test/README.md
> git cat-file -s ce262b33378445d38a85420efc915903590bd403
> git status -z -u
> git symbolic-ref --short HEAD
> git for-each-ref --format=%(refname)%00%(upstream:short)%00%(objectname)%00%(upstream:track) refs/heads/main refs/remotes/main
> git for-each-ref --sort -committerdate --format %(refname) %(objectname) %(*objectname)
> git remote --verbose
Warning: Failed to watch ref '/root/repos/git_test/.git/refs/remotes/origin/main', is most likely packed.
> git config --get commit.template
> git status -z -u
> git symbolic-ref --short HEAD
> git for-each-ref --format=%(refname)%00%(upstream:short)%00%(objectname)%00%(upstream:track) refs/heads/main refs/remotes/main
> git for-each-ref --sort -committerdate --format %(refname) %(objectname) %(*objectname)
> git remote --verbose
Warning: Failed to watch ref '/root/repos/git_test/.git/refs/remotes/origin/main', is most likely packed.
> git config --get commit.template
> git ls-files --stage -- /root/repos/git_test/README.md
> git cat-file -s b998526059cb8fab97a66026cd66b6f1abdaf499
> git show --textconv :README.md
> git show --textconv :your-directory
> git ls-files --stage -- /root/repos/git_test/your-directory
> git show --textconv :README.md
> git ls-files --stage -- /root/repos/git_test/README.md
> git cat-file -s b998526059cb8fab97a66026cd66b6f1abdaf499
> git show --textconv :your-directory
> git ls-files --stage -- /root/repos/git_test/your-directory
> git show --textconv :README.md
> git ls-files --stage -- /root/repos/git_test/README.md
> git cat-file -s b998526059cb8fab97a66026cd66b6f1abdaf499
> git show --textconv :your-directory
> git ls-files --stage -- /root/repos/git_test/your-directory
> git check-ignore -v -z --stdin
> git check-ignore -v -z --stdin
> git show --textconv :world.txt
> git ls-files --stage -- /root/repos/git_test/world.txt
> git cat-file -s e69de29bb2d1d6434b8b29ae775ad8c2e48c5391
> git show --textconv :README.md
> git ls-files --stage -- /root/repos/git_test/README.md
> git cat-file -s b998526059cb8fab97a66026cd66b6f1abdaf499
> git show --textconv :world.txt
> git ls-files --stage -- /root/repos/git_test/world.txt
> git cat-file -s e69de29bb2d1d6434b8b29ae775ad8c2e48c5391
> git show --textconv :README.md
> git ls-files --stage -- /root/repos/git_test/README.md
> git cat-file -s b998526059cb8fab97a66026cd66b6f1abdaf499
