[Info  - 18:59:33.36] Reading sessions from keychain...
[Info  - 18:59:33.192] Getting sessions for all scopes...
[Error  - 18:59:33.193] Getting token failed: Error: Unknown or unsupported transport “disabled” for address “disabled:”
[Info  - 18:59:33.193] Got 0 sessions for all scopes...
[Info  - 18:59:33.390] Getting sessions for all scopes...
[Info  - 18:59:33.390] Got 0 sessions for all scopes...
[Info  - 19:03:49.851] Getting sessions for repo,workflow...
[Info  - 19:03:49.852] Got 0 sessions for repo,workflow...
[Info  - 19:03:56.161] Logging in for the following scopes: repo workflow
[Info  - 19:05:26.516] Getting sessions for repo,workflow...
[Info  - 19:05:26.516] Got 0 sessions for repo,workflow...
[Info  - 19:05:30.582] Logging in for the following scopes: repo workflow
[Trace  - 19:06:40.623] Handling Uri...
[Info  - 19:06:53.990] Getting sessions for all scopes...
[Info  - 19:06:54.28] Got 0 sessions for all scopes...
[Info  - 19:07:22.125] Getting sessions for repo,workflow...
[Info  - 19:07:22.125] Got 0 sessions for repo,workflow...
[Info  - 19:07:32.438] Logging in for the following scopes: repo workflow
[Info  - 19:12:34.36] Getting sessions for repo,workflow...
[Info  - 19:12:34.37] Got 0 sessions for repo,workflow...
[Info  - 19:12:39.586] Logging in for the following scopes: repo workflow
[Info  - 19:13:59.4] Getting sessions for repo,workflow...
[Info  - 19:13:59.4] Got 0 sessions for repo,workflow...
[Info  - 19:14:01.95] Logging in for the following scopes: repo workflow
[Info  - 19:18:40.175] Getting sessions for repo,workflow...
[Info  - 19:18:40.175] Got 0 sessions for repo,workflow...
[Info  - 19:18:43.229] Logging in for the following scopes: repo workflow
[Info  - 19:19:33.340] Getting sessions for all scopes...
[Info  - 19:19:33.340] Got 0 sessions for all scopes...
[Info  - 20:05:33.130] Getting sessions for repo,workflow...
[Info  - 20:05:33.134] Got 0 sessions for repo,workflow...
[Info  - 20:05:36.908] Logging in for the following scopes: repo workflow
[Info  - 20:06:37.206] Getting sessions for repo,workflow...
[Info  - 20:06:37.207] Got 0 sessions for repo,workflow...
[Info  - 20:06:41.819] Logging in for the following scopes: repo workflow
[Info  - 20:09:35.345] Getting sessions for repo,workflow...
[Info  - 20:09:35.345] Got 0 sessions for repo,workflow...
[Info  - 20:09:37.144] Logging in for the following scopes: repo workflow
[Info  - 20:18:01.962] Getting sessions for repo,workflow...
[Info  - 20:18:01.963] Got 0 sessions for repo,workflow...
[Info  - 20:18:14.451] Logging in for the following scopes: repo workflow
[Info  - 20:20:07.509] Getting sessions for repo,workflow...
[Info  - 20:20:07.509] Got 0 sessions for repo,workflow...
[Info  - 20:20:08.669] Logging in for the following scopes: repo workflow
[Info  - 20:21:15.653] Getting sessions for repo,workflow...
[Info  - 20:21:15.668] Got 0 sessions for repo,workflow...
[Info  - 20:21:18.363] Logging in for the following scopes: repo workflow
[Info  - 20:22:20.366] Getting sessions for repo,workflow...
[Info  - 20:22:20.366] Got 0 sessions for repo,workflow...
[Info  - 20:22:21.486] Logging in for the following scopes: repo workflow
[Info  - 20:27:54.908] Getting sessions for repo,workflow...
[Info  - 20:27:54.913] Got 0 sessions for repo,workflow...
[Info  - 20:28:00.343] Logging in for the following scopes: repo workflow
[Info  - 20:33:19.121] Getting sessions for repo,workflow...
[Info  - 20:33:19.128] Got 0 sessions for repo,workflow...
[Info  - 20:33:21.164] Logging in for the following scopes: repo workflow
